<?xml version="1.0" encoding="UTF-8"?>
<!-- Generated by org.testng.reporters.JUnitReportReporter -->
<testsuite hostname="LAP01167s-MacBook-Pro.local" failures="0" tests="1" name="test.simple_1" time="17.202" errors="0" timestamp="29 May 2019 07:18:29 GMT" skipped="0">
  <testcase classname="test.simple_1" name="search" time="17.202"/>
</testsuite> <!-- test.simple_1 -->
