<?xml version="1.0" encoding="UTF-8"?>
<!-- Generated by org.testng.reporters.JUnitReportReporter -->
<testsuite hostname="LAP01167s-MacBook-Pro.local" failures="0" tests="1" name="test.simple" time="14.087" errors="0" timestamp="29 May 2019 07:18:29 GMT" skipped="0">
  <testcase classname="test.simple" name="doLogin" time="14.087"/>
</testsuite> <!-- test.simple -->
