<?xml version="1.0" encoding="UTF-8"?>
<!-- Generated by org.testng.reporters.JUnitReportReporter -->
<testsuite hostname="LAP01167s-MacBook-Pro.local" failures="0" tests="1" name="Test.simpleTest" time="6.582" errors="0" timestamp="24 May 2019 04:01:26 GMT" skipped="0">
  <testcase classname="Test.simpleTest" name="dockerimp" time="6.582"/>
</testsuite> <!-- Test.simpleTest -->
